Added Component: Designator=BT1(18650)
Add component (AddParameter): Name = "Contributor"; Value = "lcsc"; VariantName = "[No Variations]"
Add component (AddParameter): Name = "JLCPCB Part Class"; Value = "Extended Part"; VariantName = "[No Variations]"
Add component (AddParameter): Name = "Manufacturer"; Value = "MYOUNG(??)"; VariantName = "[No Variations]"
Add component (AddParameter): Name = "Manufacturer Part"; Value = "BH-18650-B1BA007"; VariantName = "[No Variations]"
Add component (AddParameter): Name = "spicePre"; Value = "B"; VariantName = "[No Variations]"
Add component (AddParameter): Name = "spiceSymbolName"; Value = "BH-18650-B1BA007"; VariantName = "[No Variations]"
Add component (AddParameter): Name = "Supplier"; Value = "LCSC"; VariantName = "[No Variations]"
Add component (AddParameter): Name = "Supplier Part"; Value = "C6937126"; VariantName = "[No Variations]"
Added Component: Designator=BT2(18650)
Add component (AddParameter): Name = "Contributor"; Value = "lcsc"; VariantName = "[No Variations]"
Add component (AddParameter): Name = "JLCPCB Part Class"; Value = "Extended Part"; VariantName = "[No Variations]"
Add component (AddParameter): Name = "Manufacturer"; Value = "MYOUNG(??)"; VariantName = "[No Variations]"
Add component (AddParameter): Name = "Manufacturer Part"; Value = "BH-18650-B1BA007"; VariantName = "[No Variations]"
Add component (AddParameter): Name = "spicePre"; Value = "B"; VariantName = "[No Variations]"
Add component (AddParameter): Name = "spiceSymbolName"; Value = "BH-18650-B1BA007"; VariantName = "[No Variations]"
Add component (AddParameter): Name = "Supplier"; Value = "LCSC"; VariantName = "[No Variations]"
Add component (AddParameter): Name = "Supplier Part"; Value = "C6937126"; VariantName = "[No Variations]"
Added Component: Designator=BT(BAT_BH32T-C-G)
Add component (AddParameter): Name = "Availability"; Value = "Unavailable"; VariantName = "[No Variations]"
Add component (AddParameter): Name = "MF"; Value = "MPD"; VariantName = "[No Variations]"
Add component (AddParameter): Name = "MP"; Value = "BH32T-C-G"; VariantName = "[No Variations]"
Add component (AddParameter): Name = "Package"; Value = "None"; VariantName = "[No Variations]"
Add component (AddParameter): Name = "Price"; Value = "None"; VariantName = "[No Variations]"
Add component (AddParameter): Name = "SnapEDA_Link"; Value = "https://www.snapeda.com/parts/BH32T-C-G/Memory%20Protection%20Devices/view-part/4219673/?ref=snap"; VariantName = "[No Variations]"
Add component (AddParameter): Name = "Value"; Value = ""; VariantName = "[No Variations]"
Added Component: Designator=C16(RESC2012X60N)
Add component (AddParameter): Name = "JLCPCB Part Class"; Value = "Extended Part"; VariantName = "[No Variations]"
Add component (AddParameter): Name = "Manufacturer"; Value = "ReliaPro"; VariantName = "[No Variations]"
Add component (AddParameter): Name = "Manufacturer Part"; Value = "250V 0.1UF 5% CBBCapacitor"; VariantName = "[No Variations]"
Add component (AddParameter): Name = "nameAlias"; Value = "Value"; VariantName = "[No Variations]"
Add component (AddParameter): Name = "spicePre"; Value = "C"; VariantName = "[No Variations]"
Add component (AddParameter): Name = "spiceSymbolName"; Value = "250V 0.1UF 5% CBBCapacitor"; VariantName = "[No Variations]"
Add component (AddParameter): Name = "Supplier"; Value = "LCSC"; VariantName = "[No Variations]"
Add component (AddParameter): Name = "Supplier Part"; Value = "C46804"; VariantName = "[No Variations]"
Added Component: Designator=C17(RESC2012X60N)
Add component (AddParameter): Name = "Contributor"; Value = "LCEDA_Lib"; VariantName = "[No Variations]"
Add component (AddParameter): Name = "Manufacturer Part"; Value = ""; VariantName = "[No Variations]"
Add component (AddParameter): Name = "nameAlias"; Value = "Value(F)"; VariantName = "[No Variations]"
Add component (AddParameter): Name = "spicePre"; Value = "C"; VariantName = "[No Variations]"
Add component (AddParameter): Name = "spiceSymbolName"; Value = "C_0603_US"; VariantName = "[No Variations]"
Add component (AddParameter): Name = "Supplier"; Value = ""; VariantName = "[No Variations]"
Add component (AddParameter): Name = "Supplier Part"; Value = ""; VariantName = "[No Variations]"
Added Component: Designator=C18(RESC2012X60N)
Add component (AddParameter): Name = "Contributor"; Value = "LCEDA_Lib"; VariantName = "[No Variations]"
Add component (AddParameter): Name = "Manufacturer Part"; Value = ""; VariantName = "[No Variations]"
Add component (AddParameter): Name = "nameAlias"; Value = "Value(F)"; VariantName = "[No Variations]"
Add component (AddParameter): Name = "spicePre"; Value = "C"; VariantName = "[No Variations]"
Add component (AddParameter): Name = "spiceSymbolName"; Value = "C_0603_US"; VariantName = "[No Variations]"
Add component (AddParameter): Name = "Supplier"; Value = ""; VariantName = "[No Variations]"
Add component (AddParameter): Name = "Supplier Part"; Value = ""; VariantName = "[No Variations]"
Added Component: Designator=C19(RESC2012X60N)
Add component (AddParameter): Name = "JLCPCB Part Class"; Value = "Extended Part"; VariantName = "[No Variations]"
Add component (AddParameter): Name = "Manufacturer"; Value = "ReliaPro"; VariantName = "[No Variations]"
Add component (AddParameter): Name = "Manufacturer Part"; Value = "250V 0.1UF 5% CBBCapacitor"; VariantName = "[No Variations]"
Add component (AddParameter): Name = "nameAlias"; Value = "Value"; VariantName = "[No Variations]"
Add component (AddParameter): Name = "spicePre"; Value = "C"; VariantName = "[No Variations]"
Add component (AddParameter): Name = "spiceSymbolName"; Value = "250V 0.1UF 5% CBBCapacitor"; VariantName = "[No Variations]"
Add component (AddParameter): Name = "Supplier"; Value = "LCSC"; VariantName = "[No Variations]"
Add component (AddParameter): Name = "Supplier Part"; Value = "C46804"; VariantName = "[No Variations]"
Added Component: Designator=C20(RESC2012X60N)
Add component (AddParameter): Name = "JLCPCB Part Class"; Value = "Extended Part"; VariantName = "[No Variations]"
Add component (AddParameter): Name = "Manufacturer"; Value = "ReliaPro"; VariantName = "[No Variations]"
Add component (AddParameter): Name = "Manufacturer Part"; Value = "250V 0.1UF 5% CBBCapacitor"; VariantName = "[No Variations]"
Add component (AddParameter): Name = "nameAlias"; Value = "Value"; VariantName = "[No Variations]"
Add component (AddParameter): Name = "spicePre"; Value = "C"; VariantName = "[No Variations]"
Add component (AddParameter): Name = "spiceSymbolName"; Value = "250V 0.1UF 5% CBBCapacitor"; VariantName = "[No Variations]"
Add component (AddParameter): Name = "Supplier"; Value = "LCSC"; VariantName = "[No Variations]"
Add component (AddParameter): Name = "Supplier Part"; Value = "C46804"; VariantName = "[No Variations]"
Added Component: Designator=D17(SS34BF)
Add component (AddParameter): Name = "Contributor"; Value = "LCSC"; VariantName = "[No Variations]"
Add component (AddParameter): Name = "JLCPCB Part Class"; Value = "Extended Part"; VariantName = "[No Variations]"
Add component (AddParameter): Name = "Manufacturer"; Value = "null"; VariantName = "[No Variations]"
Add component (AddParameter): Name = "Manufacturer Part"; Value = "DSchottky"; VariantName = "[No Variations]"
Add component (AddParameter): Name = "spicePre"; Value = "D"; VariantName = "[No Variations]"
Add component (AddParameter): Name = "spiceSymbolName"; Value = "DSCHOTTKY"; VariantName = "[No Variations]"
Add component (AddParameter): Name = "Supplier"; Value = "LCSC"; VariantName = "[No Variations]"
Add component (AddParameter): Name = "Supplier Part"; Value = "C9900012836"; VariantName = "[No Variations]"
Added Component: Designator=D18(SS34BF)
Add component (AddParameter): Name = "Contributor"; Value = "LCSC"; VariantName = "[No Variations]"
Add component (AddParameter): Name = "JLCPCB Part Class"; Value = "Extended Part"; VariantName = "[No Variations]"
Add component (AddParameter): Name = "Manufacturer"; Value = "null"; VariantName = "[No Variations]"
Add component (AddParameter): Name = "Manufacturer Part"; Value = "DSchottky"; VariantName = "[No Variations]"
Add component (AddParameter): Name = "spicePre"; Value = "D"; VariantName = "[No Variations]"
Add component (AddParameter): Name = "spiceSymbolName"; Value = "DSCHOTTKY"; VariantName = "[No Variations]"
Add component (AddParameter): Name = "Supplier"; Value = "LCSC"; VariantName = "[No Variations]"
Add component (AddParameter): Name = "Supplier Part"; Value = "C9900012836"; VariantName = "[No Variations]"
Added Component: Designator=D19(SS34BF)
Add component (AddParameter): Name = "Contributor"; Value = "LCSC"; VariantName = "[No Variations]"
Add component (AddParameter): Name = "JLCPCB Part Class"; Value = "Extended Part"; VariantName = "[No Variations]"
Add component (AddParameter): Name = "Manufacturer"; Value = "null"; VariantName = "[No Variations]"
Add component (AddParameter): Name = "Manufacturer Part"; Value = "DSchottky"; VariantName = "[No Variations]"
Add component (AddParameter): Name = "spicePre"; Value = "D"; VariantName = "[No Variations]"
Add component (AddParameter): Name = "spiceSymbolName"; Value = "DSCHOTTKY"; VariantName = "[No Variations]"
Add component (AddParameter): Name = "Supplier"; Value = "LCSC"; VariantName = "[No Variations]"
Add component (AddParameter): Name = "Supplier Part"; Value = "C9900012836"; VariantName = "[No Variations]"
Added Component: Designator=F6(RESC2012X60N)
Add component (AddParameter): Name = "Contributor"; Value = "LCSC"; VariantName = "[No Variations]"
Add component (AddParameter): Name = "JLCPCB Part Class"; Value = "Extended Part"; VariantName = "[No Variations]"
Add component (AddParameter): Name = "Manufacturer"; Value = "VISHAY(??)"; VariantName = "[No Variations]"
Add component (AddParameter): Name = "Manufacturer Part"; Value = "MFU0603FF04000P500"; VariantName = "[No Variations]"
Add component (AddParameter): Name = "spicePre"; Value = "F"; VariantName = "[No Variations]"
Add component (AddParameter): Name = "spiceSymbolName"; Value = "MFU0603FF04000P500"; VariantName = "[No Variations]"
Add component (AddParameter): Name = "Supplier"; Value = "LCSC"; VariantName = "[No Variations]"
Add component (AddParameter): Name = "Supplier Part"; Value = "C1972776"; VariantName = "[No Variations]"
Added Component: Designator=J1(CUI_UJC-HP-3-SMT-TR)
Add component (AddParameter): Name = "Availability"; Value = "Unavailable"; VariantName = "[No Variations]"
Add component (AddParameter): Name = "MF"; Value = ""; VariantName = "[No Variations]"
Add component (AddParameter): Name = "MP"; Value = "UJC-HP-3-SMT-TR"; VariantName = "[No Variations]"
Add component (AddParameter): Name = "Package"; Value = "None"; VariantName = "[No Variations]"
Add component (AddParameter): Name = "Price"; Value = "None"; VariantName = "[No Variations]"
Add component (AddParameter): Name = "Value"; Value = ""; VariantName = "[No Variations]"
Added Component: Designator=J7(REAN_RJ3VM)
Add component (AddParameter): Name = "Manufacturer"; Value = "ReliaPro"; VariantName = "[No Variations]"
Add component (AddParameter): Name = "Manufacturer Part"; Value = "320B/PJ-001 3.5Jacks"; VariantName = "[No Variations]"
Add component (AddParameter): Name = "spicePre"; Value = "J"; VariantName = "[No Variations]"
Add component (AddParameter): Name = "spiceSymbolName"; Value = "320B/PJ-001 3.5Jacks"; VariantName = "[No Variations]"
Add component (AddParameter): Name = "Supplier"; Value = "LCSC"; VariantName = "[No Variations]"
Add component (AddParameter): Name = "Supplier Part"; Value = "C3792"; VariantName = "[No Variations]"
Added Component: Designator=J8(REAN_RJ3VM)
Add component (AddParameter): Name = "Manufacturer"; Value = "ReliaPro"; VariantName = "[No Variations]"
Add component (AddParameter): Name = "Manufacturer Part"; Value = "320B/PJ-001 3.5Jacks"; VariantName = "[No Variations]"
Add component (AddParameter): Name = "spicePre"; Value = "J"; VariantName = "[No Variations]"
Add component (AddParameter): Name = "spiceSymbolName"; Value = "320B/PJ-001 3.5Jacks"; VariantName = "[No Variations]"
Add component (AddParameter): Name = "Supplier"; Value = "LCSC"; VariantName = "[No Variations]"
Add component (AddParameter): Name = "Supplier Part"; Value = "C3792"; VariantName = "[No Variations]"
Added Component: Designator=Q13(TO92127P495H495-3)
Add component (AddParameter): Name = "Contributor"; Value = "LCSC"; VariantName = "[No Variations]"
Add component (AddParameter): Name = "JLCPCB Part Class"; Value = "Extended Part"; VariantName = "[No Variations]"
Add component (AddParameter): Name = "Manufacturer"; Value = "JSMSEMI(???)"; VariantName = "[No Variations]"
Add component (AddParameter): Name = "Manufacturer Part"; Value = "2N3904"; VariantName = "[No Variations]"
Add component (AddParameter): Name = "spicePre"; Value = "Q"; VariantName = "[No Variations]"
Add component (AddParameter): Name = "spiceSymbolName"; Value = "2N3904_C2874602"; VariantName = "[No Variations]"
Add component (AddParameter): Name = "Supplier"; Value = "LCSC"; VariantName = "[No Variations]"
Add component (AddParameter): Name = "Supplier Part"; Value = "C2874602"; VariantName = "[No Variations]"
Added Component: Designator=Q15(TO92127P495H495-3)
Add component (AddParameter): Name = "Contributor"; Value = "LCEDA_Lib"; VariantName = "[No Variations]"
Add component (AddParameter): Name = "Manufacturer"; Value = "KEC"; VariantName = "[No Variations]"
Add component (AddParameter): Name = "Manufacturer Part"; Value = "2n3904S-RTK/PS"; VariantName = "[No Variations]"
Add component (AddParameter): Name = "Paste Type"; Value = "SOT-23"; VariantName = "[No Variations]"
Add component (AddParameter): Name = "spicePre"; Value = "Q"; VariantName = "[No Variations]"
Add component (AddParameter): Name = "spiceSymbolName"; Value = "2N3904(SOT-23)"; VariantName = "[No Variations]"
Add component (AddParameter): Name = "Supplier"; Value = "LCSC"; VariantName = "[No Variations]"
Add component (AddParameter): Name = "Supplier Part"; Value = "C18536"; VariantName = "[No Variations]"
Added Component: Designator=Q16(TO92127P495H495-3)
Add component (AddParameter): Name = "Contributor"; Value = "LCEDA_Lib"; VariantName = "[No Variations]"
Add component (AddParameter): Name = "Manufacturer"; Value = "KEC"; VariantName = "[No Variations]"
Add component (AddParameter): Name = "Manufacturer Part"; Value = "2n3904S-RTK/PS"; VariantName = "[No Variations]"
Add component (AddParameter): Name = "Paste Type"; Value = "SOT-23"; VariantName = "[No Variations]"
Add component (AddParameter): Name = "spicePre"; Value = "Q"; VariantName = "[No Variations]"
Add component (AddParameter): Name = "spiceSymbolName"; Value = "2N3904(SOT-23)"; VariantName = "[No Variations]"
Add component (AddParameter): Name = "Supplier"; Value = "LCSC"; VariantName = "[No Variations]"
Add component (AddParameter): Name = "Supplier Part"; Value = "C18536"; VariantName = "[No Variations]"
Added Component: Designator=R26(RESC2012X60N)
Add component (AddParameter): Name = "Contributor"; Value = "LCEDA_Lib"; VariantName = "[No Variations]"
Add component (AddParameter): Name = "Manufacturer Part"; Value = ""; VariantName = "[No Variations]"
Add component (AddParameter): Name = "nameAlias"; Value = "Value(O)"; VariantName = "[No Variations]"
Add component (AddParameter): Name = "spicePre"; Value = "R"; VariantName = "[No Variations]"
Add component (AddParameter): Name = "spiceSymbolName"; Value = "R_0603_US"; VariantName = "[No Variations]"
Add component (AddParameter): Name = "Supplier"; Value = ""; VariantName = "[No Variations]"
Add component (AddParameter): Name = "Supplier Part"; Value = ""; VariantName = "[No Variations]"
Added Component: Designator=R27(RESC2012X60N)
Add component (AddParameter): Name = "Contributor"; Value = "LCEDA_Lib"; VariantName = "[No Variations]"
Add component (AddParameter): Name = "Manufacturer Part"; Value = ""; VariantName = "[No Variations]"
Add component (AddParameter): Name = "nameAlias"; Value = "Value(O)"; VariantName = "[No Variations]"
Add component (AddParameter): Name = "spicePre"; Value = "R"; VariantName = "[No Variations]"
Add component (AddParameter): Name = "spiceSymbolName"; Value = "R_0603_US"; VariantName = "[No Variations]"
Add component (AddParameter): Name = "Supplier"; Value = ""; VariantName = "[No Variations]"
Add component (AddParameter): Name = "Supplier Part"; Value = ""; VariantName = "[No Variations]"
Added Component: Designator=R28(RESC2012X60N)
Add component (AddParameter): Name = "Contributor"; Value = "LCEDA_Lib"; VariantName = "[No Variations]"
Add component (AddParameter): Name = "Manufacturer Part"; Value = ""; VariantName = "[No Variations]"
Add component (AddParameter): Name = "nameAlias"; Value = "Value(O)"; VariantName = "[No Variations]"
Add component (AddParameter): Name = "spicePre"; Value = "R"; VariantName = "[No Variations]"
Add component (AddParameter): Name = "spiceSymbolName"; Value = "R_0603_US"; VariantName = "[No Variations]"
Add component (AddParameter): Name = "Supplier"; Value = ""; VariantName = "[No Variations]"
Add component (AddParameter): Name = "Supplier Part"; Value = ""; VariantName = "[No Variations]"
Added Component: Designator=R29(RESC2012X60N)
Add component (AddParameter): Name = "Contributor"; Value = "LCEDA_Lib"; VariantName = "[No Variations]"
Add component (AddParameter): Name = "Manufacturer Part"; Value = ""; VariantName = "[No Variations]"
Add component (AddParameter): Name = "nameAlias"; Value = "Value(O)"; VariantName = "[No Variations]"
Add component (AddParameter): Name = "spicePre"; Value = "R"; VariantName = "[No Variations]"
Add component (AddParameter): Name = "spiceSymbolName"; Value = "R_0603_US"; VariantName = "[No Variations]"
Add component (AddParameter): Name = "Supplier"; Value = ""; VariantName = "[No Variations]"
Add component (AddParameter): Name = "Supplier Part"; Value = ""; VariantName = "[No Variations]"
Added Component: Designator=R30(RESC2012X60N)
Add component (AddParameter): Name = "Contributor"; Value = "LCEDA_Lib"; VariantName = "[No Variations]"
Add component (AddParameter): Name = "Manufacturer Part"; Value = ""; VariantName = "[No Variations]"
Add component (AddParameter): Name = "nameAlias"; Value = "Value(O)"; VariantName = "[No Variations]"
Add component (AddParameter): Name = "spicePre"; Value = "R"; VariantName = "[No Variations]"
Add component (AddParameter): Name = "spiceSymbolName"; Value = "R_0603_US"; VariantName = "[No Variations]"
Add component (AddParameter): Name = "Supplier"; Value = ""; VariantName = "[No Variations]"
Add component (AddParameter): Name = "Supplier Part"; Value = ""; VariantName = "[No Variations]"
Added Component: Designator=R31(RESC2012X60N)
Add component (AddParameter): Name = "Contributor"; Value = "LCEDA_Lib"; VariantName = "[No Variations]"
Add component (AddParameter): Name = "Manufacturer Part"; Value = ""; VariantName = "[No Variations]"
Add component (AddParameter): Name = "nameAlias"; Value = "Value(O)"; VariantName = "[No Variations]"
Add component (AddParameter): Name = "spicePre"; Value = "R"; VariantName = "[No Variations]"
Add component (AddParameter): Name = "spiceSymbolName"; Value = "R_0603_US"; VariantName = "[No Variations]"
Add component (AddParameter): Name = "Supplier"; Value = ""; VariantName = "[No Variations]"
Add component (AddParameter): Name = "Supplier Part"; Value = ""; VariantName = "[No Variations]"
Added Component: Designator=R32(RESC2012X60N)
Add component (AddParameter): Name = "Contributor"; Value = "LCEDA_Lib"; VariantName = "[No Variations]"
Add component (AddParameter): Name = "Manufacturer Part"; Value = ""; VariantName = "[No Variations]"
Add component (AddParameter): Name = "nameAlias"; Value = "Value(O)"; VariantName = "[No Variations]"
Add component (AddParameter): Name = "spicePre"; Value = "R"; VariantName = "[No Variations]"
Add component (AddParameter): Name = "spiceSymbolName"; Value = "R_0603_US"; VariantName = "[No Variations]"
Add component (AddParameter): Name = "Supplier"; Value = ""; VariantName = "[No Variations]"
Add component (AddParameter): Name = "Supplier Part"; Value = ""; VariantName = "[No Variations]"
Added Component: Designator=R33(RESC2012X60N)
Add component (AddParameter): Name = "Contributor"; Value = "LCEDA_Lib"; VariantName = "[No Variations]"
Add component (AddParameter): Name = "Manufacturer Part"; Value = ""; VariantName = "[No Variations]"
Add component (AddParameter): Name = "nameAlias"; Value = "Value(O)"; VariantName = "[No Variations]"
Add component (AddParameter): Name = "spicePre"; Value = "R"; VariantName = "[No Variations]"
Add component (AddParameter): Name = "spiceSymbolName"; Value = "R_0603_US"; VariantName = "[No Variations]"
Add component (AddParameter): Name = "Supplier"; Value = ""; VariantName = "[No Variations]"
Add component (AddParameter): Name = "Supplier Part"; Value = ""; VariantName = "[No Variations]"
Added Component: Designator=R36(RESC2012X60N)
Add component (AddParameter): Name = "Contributor"; Value = "LCEDA_Lib"; VariantName = "[No Variations]"
Add component (AddParameter): Name = "Manufacturer Part"; Value = ""; VariantName = "[No Variations]"
Add component (AddParameter): Name = "nameAlias"; Value = "Value(O)"; VariantName = "[No Variations]"
Add component (AddParameter): Name = "spicePre"; Value = "R"; VariantName = "[No Variations]"
Add component (AddParameter): Name = "spiceSymbolName"; Value = "R_0603_US"; VariantName = "[No Variations]"
Add component (AddParameter): Name = "Supplier"; Value = ""; VariantName = "[No Variations]"
Add component (AddParameter): Name = "Supplier Part"; Value = ""; VariantName = "[No Variations]"
Added Component: Designator=R37(RESC2012X60N)
Add component (AddParameter): Name = "Contributor"; Value = "LCEDA_Lib"; VariantName = "[No Variations]"
Add component (AddParameter): Name = "Manufacturer Part"; Value = ""; VariantName = "[No Variations]"
Add component (AddParameter): Name = "nameAlias"; Value = "Value(O)"; VariantName = "[No Variations]"
Add component (AddParameter): Name = "spicePre"; Value = "R"; VariantName = "[No Variations]"
Add component (AddParameter): Name = "spiceSymbolName"; Value = "R_0603_US"; VariantName = "[No Variations]"
Add component (AddParameter): Name = "Supplier"; Value = ""; VariantName = "[No Variations]"
Add component (AddParameter): Name = "Supplier Part"; Value = ""; VariantName = "[No Variations]"
Added Component: Designator=R38(RESC2012X60N)
Add component (AddParameter): Name = "Contributor"; Value = "LCEDA_Lib"; VariantName = "[No Variations]"
Add component (AddParameter): Name = "Manufacturer Part"; Value = ""; VariantName = "[No Variations]"
Add component (AddParameter): Name = "nameAlias"; Value = "Value(O)"; VariantName = "[No Variations]"
Add component (AddParameter): Name = "spicePre"; Value = "R"; VariantName = "[No Variations]"
Add component (AddParameter): Name = "spiceSymbolName"; Value = "R_0603_US"; VariantName = "[No Variations]"
Add component (AddParameter): Name = "Supplier"; Value = ""; VariantName = "[No Variations]"
Add component (AddParameter): Name = "Supplier Part"; Value = ""; VariantName = "[No Variations]"
Added Component: Designator=RP2(TRIM_3386P-1-101TLF)
Add component (AddParameter): Name = "Contributor"; Value = "LCEDA_Lib"; VariantName = "[No Variations]"
Add component (AddParameter): Name = "Manufacturer"; Value = ""; VariantName = "[No Variations]"
Add component (AddParameter): Name = "Manufacturer Part"; Value = ""; VariantName = "[No Variations]"
Add component (AddParameter): Name = "nameAlias"; Value = "Resistance (Ohms)"; VariantName = "[No Variations]"
Add component (AddParameter): Name = "Package Display"; Value = "No"; VariantName = "[No Variations]"
Add component (AddParameter): Name = "spicePre"; Value = "R"; VariantName = "[No Variations]"
Add component (AddParameter): Name = "spiceSymbolName"; Value = "R_3386P_EU"; VariantName = "[No Variations]"
Add component (AddParameter): Name = "Supplier"; Value = "LCSC"; VariantName = "[No Variations]"
Add component (AddParameter): Name = "Supplier Part"; Value = ""; VariantName = "[No Variations]"
Add component (AddParameter): Name = "Value(O)"; Value = "100K"; VariantName = "[No Variations]"
Added Component: Designator=SW6(SW_TS09-63-25-R-260-SMT-TR)
Add component (AddParameter): Name = "Contributor"; Value = "LCSC"; VariantName = "[No Variations]"
Add component (AddParameter): Name = "JLCPCB Part Class"; Value = "Extended Part"; VariantName = "[No Variations]"
Add component (AddParameter): Name = "Manufacturer"; Value = "NIDEC(???)"; VariantName = "[No Variations]"
Add component (AddParameter): Name = "Manufacturer Part"; Value = "CHS-01TB"; VariantName = "[No Variations]"
Add component (AddParameter): Name = "spicePre"; Value = "S"; VariantName = "[No Variations]"
Add component (AddParameter): Name = "spiceSymbolName"; Value = "CHS-01TB"; VariantName = "[No Variations]"
Add component (AddParameter): Name = "Supplier"; Value = "LCSC"; VariantName = "[No Variations]"
Add component (AddParameter): Name = "Supplier Part"; Value = "C2680613"; VariantName = "[No Variations]"
Added Component: Designator=U1(IRFL9014)
Add component (AddParameter): Name = "Contributor"; Value = "lcsc"; VariantName = "[No Variations]"
Add component (AddParameter): Name = "Manufacturer"; Value = "TECH PUBLIC(??)"; VariantName = "[No Variations]"
Add component (AddParameter): Name = "Manufacturer Part"; Value = "IRFL9014"; VariantName = "[No Variations]"
Add component (AddParameter): Name = "spicePre"; Value = "U"; VariantName = "[No Variations]"
Add component (AddParameter): Name = "spiceSymbolName"; Value = "IRFL9014"; VariantName = "[No Variations]"
Add component (AddParameter): Name = "Supplier"; Value = "LCSC"; VariantName = "[No Variations]"
Add component (AddParameter): Name = "Supplier Part"; Value = "C5246418"; VariantName = "[No Variations]"
Added Component: Designator=U62(IRFL9014)
Add component (AddParameter): Name = "Contributor"; Value = "lcsc"; VariantName = "[No Variations]"
Add component (AddParameter): Name = "Manufacturer"; Value = "TECH PUBLIC(??)"; VariantName = "[No Variations]"
Add component (AddParameter): Name = "Manufacturer Part"; Value = "IRFL9014"; VariantName = "[No Variations]"
Add component (AddParameter): Name = "spicePre"; Value = "U"; VariantName = "[No Variations]"
Add component (AddParameter): Name = "spiceSymbolName"; Value = "IRFL9014"; VariantName = "[No Variations]"
Add component (AddParameter): Name = "Supplier"; Value = "LCSC"; VariantName = "[No Variations]"
Add component (AddParameter): Name = "Supplier Part"; Value = "C5246418"; VariantName = "[No Variations]"
Added Component: Designator=U63(TO254P1054X470X2600-3)
Add component (AddParameter): Name = "Contributor"; Value = "LCEDA_Lib"; VariantName = "[No Variations]"
Add component (AddParameter): Name = "image"; Value = "//image.lceda.cn/szlcsc/C2079.jpg"; VariantName = "[No Variations]"
Add component (AddParameter): Name = "Manufacturer"; Value = "CJ"; VariantName = "[No Variations]"
Add component (AddParameter): Name = "Manufacturer Part"; Value = "CJ78L05"; VariantName = "[No Variations]"
Add component (AddParameter): Name = "Paste Type"; Value = "expand"; VariantName = "[No Variations]"
Add component (AddParameter): Name = "spicePre"; Value = "U"; VariantName = "[No Variations]"
Add component (AddParameter): Name = "spiceSymbolName"; Value = "7805(SOT-89)"; VariantName = "[No Variations]"
Add component (AddParameter): Name = "Supplier"; Value = "LCSC"; VariantName = "[No Variations]"
Add component (AddParameter): Name = "Supplier Part"; Value = "C2079"; VariantName = "[No Variations]"
Added Component: Designator=U64(RESC2012X60N)
Add component (AddParameter): Name = "Contributor"; Value = "lcsc"; VariantName = "[No Variations]"
Add component (AddParameter): Name = "Manufacturer"; Value = "TDK"; VariantName = "[No Variations]"
Add component (AddParameter): Name = "Manufacturer Part"; Value = "B32560J3334K000"; VariantName = "[No Variations]"
Add component (AddParameter): Name = "nameAlias"; Value = "Value"; VariantName = "[No Variations]"
Add component (AddParameter): Name = "spicePre"; Value = "U"; VariantName = "[No Variations]"
Add component (AddParameter): Name = "spiceSymbolName"; Value = "B32560J3334K000"; VariantName = "[No Variations]"
Add component (AddParameter): Name = "Supplier"; Value = "LCSC"; VariantName = "[No Variations]"
Add component (AddParameter): Name = "Supplier Part"; Value = "C3768307"; VariantName = "[No Variations]"
Added Component: Designator=U65(RESC2012X60N)
Add component (AddParameter): Name = "Contributor"; Value = "lcsc"; VariantName = "[No Variations]"
Add component (AddParameter): Name = "Manufacturer"; Value = "TDK"; VariantName = "[No Variations]"
Add component (AddParameter): Name = "Manufacturer Part"; Value = "B32560J3334K000"; VariantName = "[No Variations]"
Add component (AddParameter): Name = "nameAlias"; Value = "Value"; VariantName = "[No Variations]"
Add component (AddParameter): Name = "spicePre"; Value = "U"; VariantName = "[No Variations]"
Add component (AddParameter): Name = "spiceSymbolName"; Value = "B32560J3334K000"; VariantName = "[No Variations]"
Add component (AddParameter): Name = "Supplier"; Value = "LCSC"; VariantName = "[No Variations]"
Add component (AddParameter): Name = "Supplier Part"; Value = "C3768307"; VariantName = "[No Variations]"
Added Component: Designator=U66(TO254P1054X470X1955-3)
Add component (AddParameter): Name = "Contributor"; Value = "LCSC"; VariantName = "[No Variations]"
Add component (AddParameter): Name = "JLCPCB Part Class"; Value = "Extended Part"; VariantName = "[No Variations]"
Add component (AddParameter): Name = "Manufacturer"; Value = "HGSEMI(??)"; VariantName = "[No Variations]"
Add component (AddParameter): Name = "Manufacturer Part"; Value = "LM1117T-3.3"; VariantName = "[No Variations]"
Add component (AddParameter): Name = "spicePre"; Value = "U"; VariantName = "[No Variations]"
Add component (AddParameter): Name = "spiceSymbolName"; Value = "LM1117T-3.3"; VariantName = "[No Variations]"
Add component (AddParameter): Name = "Supplier"; Value = "LCSC"; VariantName = "[No Variations]"
Add component (AddParameter): Name = "Supplier Part"; Value = "C498321"; VariantName = "[No Variations]"
Added Component: Designator=U67(CAP_EEEHB1H100P)
Add component (AddParameter): Name = "Contributor"; Value = "lcsc"; VariantName = "[No Variations]"
Add component (AddParameter): Name = "Manufacturer"; Value = "Kyocera AVX"; VariantName = "[No Variations]"
Add component (AddParameter): Name = "Manufacturer Part"; Value = "F980J106MMA"; VariantName = "[No Variations]"
Add component (AddParameter): Name = "nameAlias"; Value = "Value"; VariantName = "[No Variations]"
Add component (AddParameter): Name = "spicePre"; Value = "U"; VariantName = "[No Variations]"
Add component (AddParameter): Name = "spiceSymbolName"; Value = "F980J106MMA"; VariantName = "[No Variations]"
Add component (AddParameter): Name = "Supplier"; Value = "LCSC"; VariantName = "[No Variations]"
Add component (AddParameter): Name = "Supplier Part"; Value = "C4153836"; VariantName = "[No Variations]"
Added Component: Designator=U68(CAP_EEEHB1H100P)
Add component (AddParameter): Name = "Contributor"; Value = "lcsc"; VariantName = "[No Variations]"
Add component (AddParameter): Name = "Manufacturer"; Value = "Kyocera AVX"; VariantName = "[No Variations]"
Add component (AddParameter): Name = "Manufacturer Part"; Value = "F980J106MMA"; VariantName = "[No Variations]"
Add component (AddParameter): Name = "nameAlias"; Value = "Value"; VariantName = "[No Variations]"
Add component (AddParameter): Name = "spicePre"; Value = "U"; VariantName = "[No Variations]"
Add component (AddParameter): Name = "spiceSymbolName"; Value = "F980J106MMA"; VariantName = "[No Variations]"
Add component (AddParameter): Name = "Supplier"; Value = "LCSC"; VariantName = "[No Variations]"
Add component (AddParameter): Name = "Supplier Part"; Value = "C4153836"; VariantName = "[No Variations]"
Added Component: Designator=U69(RESC2012X60N)
Add component (AddParameter): Name = "Contributor"; Value = "lcsc"; VariantName = "[No Variations]"
Add component (AddParameter): Name = "JLCPCB Part Class"; Value = "Extended Part"; VariantName = "[No Variations]"
Add component (AddParameter): Name = "Manufacturer"; Value = "null"; VariantName = "[No Variations]"
Add component (AddParameter): Name = "Manufacturer Part"; Value = "720-LCGH9RNMXNX1"; VariantName = "[No Variations]"
Add component (AddParameter): Name = "spicePre"; Value = "U"; VariantName = "[No Variations]"
Add component (AddParameter): Name = "spiceSymbolName"; Value = "720-LCGH9RNMXNX1"; VariantName = "[No Variations]"
Add component (AddParameter): Name = "Supplier"; Value = "LCSC"; VariantName = "[No Variations]"
Add component (AddParameter): Name = "Supplier Part"; Value = "C9900019959"; VariantName = "[No Variations]"
Added Component: Designator=U70(VALCON_XH250-05R-010)
Add component (AddParameter): Name = "Contributor"; Value = "lcsc"; VariantName = "[No Variations]"
Add component (AddParameter): Name = "Manufacturer"; Value = "?????????????"; VariantName = "[No Variations]"
Add component (AddParameter): Name = "Manufacturer Part"; Value = "ZJY096S0700BG01??"; VariantName = "[No Variations]"
Add component (AddParameter): Name = "spicePre"; Value = "U"; VariantName = "[No Variations]"
Add component (AddParameter): Name = "spiceSymbolName"; Value = "ZJY096S0700BG01??"; VariantName = "[No Variations]"
Add component (AddParameter): Name = "Supplier"; Value = "LCSC"; VariantName = "[No Variations]"
Add component (AddParameter): Name = "Supplier Part"; Value = "C9900027058"; VariantName = "[No Variations]"
Added Component: Designator=U71(OST_ED281DT)
Add component (AddParameter): Name = "Contributor"; Value = "lcsc"; VariantName = "[No Variations]"
Add component (AddParameter): Name = "JLCPCB Part Class"; Value = "Extended Part"; VariantName = "[No Variations]"
Add component (AddParameter): Name = "Manufacturer"; Value = "MICROCHIP(????)"; VariantName = "[No Variations]"
Add component (AddParameter): Name = "Manufacturer Part"; Value = "dsPIC33FJ128MC802T-I/SO"; VariantName = "[No Variations]"
Add component (AddParameter): Name = "spicePre"; Value = "U"; VariantName = "[No Variations]"
Add component (AddParameter): Name = "spiceSymbolName"; Value = "DSPIC33FJ128MC802T-I/SO"; VariantName = "[No Variations]"
Add component (AddParameter): Name = "Supplier"; Value = "LCSC"; VariantName = "[No Variations]"
Add component (AddParameter): Name = "Supplier Part"; Value = "C629364"; VariantName = "[No Variations]"
Added Component: Designator=U72(MODULE_ESP32-DEVKITC)
Add component (AddParameter): Name = "Contributor"; Value = "lcsc"; VariantName = "[No Variations]"
Add component (AddParameter): Name = "JLCPCB Part Class"; Value = "Extended Part"; VariantName = "[No Variations]"
Add component (AddParameter): Name = "Manufacturer"; Value = "null"; VariantName = "[No Variations]"
Add component (AddParameter): Name = "Manufacturer Part"; Value = "ESP32-S3-WROOM-1U"; VariantName = "[No Variations]"
Add component (AddParameter): Name = "spicePre"; Value = "U"; VariantName = "[No Variations]"
Add component (AddParameter): Name = "spiceSymbolName"; Value = "ESP32-S3-WROOM-1U"; VariantName = "[No Variations]"
Add component (AddParameter): Name = "Supplier"; Value = "LCSC"; VariantName = "[No Variations]"
Add component (AddParameter): Name = "Supplier Part"; Value = "C9900027631"; VariantName = "[No Variations]"
Added Component: Designator=U73(RESC2012X60N)
Add component (AddParameter): Name = "Contributor"; Value = "lcsc"; VariantName = "[No Variations]"
Add component (AddParameter): Name = "JLCPCB Part Class"; Value = "Extended Part"; VariantName = "[No Variations]"
Add component (AddParameter): Name = "Manufacturer"; Value = "null"; VariantName = "[No Variations]"
Add component (AddParameter): Name = "Manufacturer Part"; Value = "20A/100V"; VariantName = "[No Variations]"
Add component (AddParameter): Name = "spicePre"; Value = "U"; VariantName = "[No Variations]"
Add component (AddParameter): Name = "spiceSymbolName"; Value = "20A/100V"; VariantName = "[No Variations]"
Add component (AddParameter): Name = "Supplier"; Value = "LCSC"; VariantName = "[No Variations]"
Add component (AddParameter): Name = "Supplier Part"; Value = "C9900024395"; VariantName = "[No Variations]"
Added Component: Designator=U74(XTAL_ECS-400-20-46X)
Add component (AddParameter): Name = "Contributor"; Value = "colebenedicto"; VariantName = "[No Variations]"
Add component (AddParameter): Name = "link"; Value = ""; VariantName = "[No Variations]"
Add component (AddParameter): Name = "Manufacturer"; Value = ""; VariantName = "[No Variations]"
Add component (AddParameter): Name = "Manufacturer Part"; Value = ""; VariantName = "[No Variations]"
Add component (AddParameter): Name = "spicePre"; Value = "U"; VariantName = "[No Variations]"
Add component (AddParameter): Name = "spiceSymbolName"; Value = "Crystal Oscillator 10.8x4.5mm"; VariantName = "[No Variations]"
Add component (AddParameter): Name = "Supplier"; Value = ""; VariantName = "[No Variations]"
Add component (AddParameter): Name = "Supplier Part"; Value = ""; VariantName = "[No Variations]"
Added Pin To Net: NetName=3.3v Pin=U66-2
Added Pin To Net: NetName=3.3v Pin=U68-1
Added Pin To Net: NetName=3.3v Pin=U71-13
Added Pin To Net: NetName=3.3v Pin=U72-2
Added Net: Name=3.3v
Added Pin To Net: NetName=5v Pin=R26-2
Added Pin To Net: NetName=5v Pin=R28-2
Added Pin To Net: NetName=5v Pin=U63-1
Added Pin To Net: NetName=5v Pin=U65-2
Added Net: Name=5v
Added Pin To Net: NetName=GND Pin=BT-NEG
Added Pin To Net: NetName=GND Pin=BT2-1
Added Pin To Net: NetName=GND Pin=BT2-3
Added Pin To Net: NetName=GND Pin=C16-1
Added Pin To Net: NetName=GND Pin=C19-1
Added Pin To Net: NetName=GND Pin=C20-1
Added Pin To Net: NetName=GND Pin=J1-A12
Added Pin To Net: NetName=GND Pin=J1-B12
Added Pin To Net: NetName=GND Pin=J7-1
Added Pin To Net: NetName=GND Pin=J7-2
Added Pin To Net: NetName=GND Pin=Q15-1
Added Pin To Net: NetName=GND Pin=Q16-1
Added Pin To Net: NetName=GND Pin=R27-1
Added Pin To Net: NetName=GND Pin=R29-1
Added Pin To Net: NetName=GND Pin=R36-2
Added Pin To Net: NetName=GND Pin=R37-2
Added Pin To Net: NetName=GND Pin=R38-2
Added Pin To Net: NetName=GND Pin=RP2-3
Added Pin To Net: NetName=GND Pin=U63-2
Added Pin To Net: NetName=GND Pin=U64-1
Added Pin To Net: NetName=GND Pin=U65-1
Added Pin To Net: NetName=GND Pin=U66-1
Added Pin To Net: NetName=GND Pin=U67-2
Added Pin To Net: NetName=GND Pin=U68-2
Added Pin To Net: NetName=GND Pin=U69-1
Added Pin To Net: NetName=GND Pin=U71-19
Added Pin To Net: NetName=GND Pin=U72-1
Added Net: Name=GND
Added Pin To Net: NetName=NetBT1_1 Pin=BT1-1
Added Pin To Net: NetName=NetBT1_1 Pin=BT2-2
Added Pin To Net: NetName=NetBT1_1 Pin=BT2-4
Added Net: Name=NetBT1_1
Added Pin To Net: NetName=NetBT1_2 Pin=BT1-2
Added Pin To Net: NetName=NetBT1_2 Pin=BT1-3
Added Net: Name=NetBT1_2
Added Pin To Net: NetName=NetBT1_4 Pin=BT1-4
Added Pin To Net: NetName=NetBT1_4 Pin=F6-1
Added Net: Name=NetBT1_4
Added Pin To Net: NetName=NetBT_POS Pin=BT-POS
Added Pin To Net: NetName=NetBT_POS Pin=C19-2
Added Pin To Net: NetName=NetBT_POS Pin=SW6-1
Added Net: Name=NetBT_POS
Added Pin To Net: NetName=NetC16_2 Pin=C16-2
Added Pin To Net: NetName=NetC16_2 Pin=U69-2
Added Net: Name=NetC16_2
Added Pin To Net: NetName=NetC17_1 Pin=C17-1
Added Pin To Net: NetName=NetC17_1 Pin=U71-22
Added Net: Name=NetC17_1
Added Pin To Net: NetName=NetC17_2 Pin=C17-2
Added Pin To Net: NetName=NetC17_2 Pin=Q13-2
Added Pin To Net: NetName=NetC17_2 Pin=R26-1
Added Pin To Net: NetName=NetC17_2 Pin=R27-2
Added Net: Name=NetC17_2
Added Pin To Net: NetName=NetC18_1 Pin=C18-1
Added Pin To Net: NetName=NetC18_1 Pin=Q13-3
Added Pin To Net: NetName=NetC18_1 Pin=R28-1
Added Net: Name=NetC18_1
Added Pin To Net: NetName=NetC18_2 Pin=C18-2
Added Pin To Net: NetName=NetC18_2 Pin=RP2-1
Added Net: Name=NetC18_2
Added Pin To Net: NetName=NetC20_2 Pin=C20-2
Added Pin To Net: NetName=NetC20_2 Pin=Q15-2
Added Pin To Net: NetName=NetC20_2 Pin=Q16-3
Added Pin To Net: NetName=NetC20_2 Pin=R32-2
Added Pin To Net: NetName=NetC20_2 Pin=R33-1
Added Net: Name=NetC20_2
Added Pin To Net: NetName=NetD17_1 Pin=D17-1
Added Pin To Net: NetName=NetD17_1 Pin=Q15-3
Added Net: Name=NetD17_1
Added Pin To Net: NetName=NetD17_2 Pin=D17-2
Added Pin To Net: NetName=NetD17_2 Pin=R31-1
Added Pin To Net: NetName=NetD17_2 Pin=U62-1
Added Net: Name=NetD17_2
Added Pin To Net: NetName=NetD18_2 Pin=D18-2
Added Pin To Net: NetName=NetD18_2 Pin=R36-1
Added Pin To Net: NetName=NetD18_2 Pin=U1-1
Added Pin To Net: NetName=NetD18_2 Pin=U73-2
Added Net: Name=NetD18_2
Added Pin To Net: NetName=NetD19_2 Pin=D19-2
Added Pin To Net: NetName=NetD19_2 Pin=U1-3
Added Net: Name=NetD19_2
Added Pin To Net: NetName=NetF6_2 Pin=F6-2
Added Pin To Net: NetName=NetF6_2 Pin=U1-2
Added Pin To Net: NetName=NetF6_2 Pin=U1-4
Added Net: Name=NetF6_2
Added Pin To Net: NetName=NetJ1_A5 Pin=J1-A5
Added Pin To Net: NetName=NetJ1_A5 Pin=R37-1
Added Net: Name=NetJ1_A5
Added Pin To Net: NetName=NetJ1_A9 Pin=J1-A9
Added Pin To Net: NetName=NetJ1_A9 Pin=U73-1
Added Net: Name=NetJ1_A9
Added Pin To Net: NetName=NetJ1_B5 Pin=J1-B5
Added Pin To Net: NetName=NetJ1_B5 Pin=R38-1
Added Net: Name=NetJ1_B5
Added Pin To Net: NetName=NetJ7_3 Pin=J7-3
Added Pin To Net: NetName=NetJ7_3 Pin=U71-6
Added Net: Name=NetJ7_3
Added Pin To Net: NetName=NetJ8_1 Pin=J8-1
Added Pin To Net: NetName=NetJ8_1 Pin=J8-2
Added Net: Name=NetJ8_1
Added Pin To Net: NetName=NetJ8_3 Pin=J8-3
Added Pin To Net: NetName=NetJ8_3 Pin=RP2-2
Added Net: Name=NetJ8_3
Added Pin To Net: NetName=NetQ13_1 Pin=Q13-1
Added Pin To Net: NetName=NetQ13_1 Pin=R29-2
Added Net: Name=NetQ13_1
Added Pin To Net: NetName=NetQ16_2 Pin=Q16-2
Added Pin To Net: NetName=NetQ16_2 Pin=R30-1
Added Net: Name=NetQ16_2
Added Pin To Net: NetName=NetR30_2 Pin=R30-2
Added Pin To Net: NetName=NetR30_2 Pin=U72-7
Added Net: Name=NetR30_2
Added Pin To Net: NetName=NetR32_1 Pin=R32-1
Added Pin To Net: NetName=NetR32_1 Pin=U62-3
Added Pin To Net: NetName=NetR32_1 Pin=U63-3
Added Pin To Net: NetName=NetR32_1 Pin=U64-2
Added Pin To Net: NetName=NetR32_1 Pin=U66-3
Added Pin To Net: NetName=NetR32_1 Pin=U67-1
Added Net: Name=NetR32_1
Added Pin To Net: NetName=NetR33_2 Pin=R33-2
Added Pin To Net: NetName=NetR33_2 Pin=SW6-2
Added Net: Name=NetR33_2
Added Pin To Net: NetName=NetU70_3 Pin=U72-31
Added Net: Name=NetU70_3
Added Pin To Net: NetName=NetU70_4 Pin=U72-30
Added Net: Name=NetU70_4
Added Pin To Net: NetName=NetU71_9 Pin=U71-9
Added Pin To Net: NetName=NetU71_9 Pin=U74-1
Added Net: Name=NetU71_9
Added Pin To Net: NetName=NetU71_10 Pin=U71-10
Added Pin To Net: NetName=NetU71_10 Pin=U74-2
Added Net: Name=NetU71_10
Added Pin To Net: NetName=VCC Pin=D18-1
Added Pin To Net: NetName=VCC Pin=D19-1
Added Pin To Net: NetName=VCC Pin=R31-2
Added Pin To Net: NetName=VCC Pin=U62-2
Added Pin To Net: NetName=VCC Pin=U62-4
Added Net: Name=VCC
